Mar 15 07:02 : player: played "裸の勇者 _ Vaundy：MUSIC VIDEO [FT0GKCuSaW0].m4a"
Mar 15 07:22 : ffmpeg/mov,mp4,m4a,3gp,3g2,mj2: stream 0, timescale not set
Mar 15 07:22 : config: option 'device' on line 20 was not recognized
Mar 15 07:43 : player: played "Nirvana - Nevermind/03 Come As You Are.flac"
Mar 15 07:50 : player: played "Folk/Passenger/2017 - The boy who cried wolf/01 - Simple song.flac"
Mar 15 07:54 : player: played "Queen/Absolute Greatest/Queen_Absolute Greatest_1-12_Killer Queen.flac"
Mar 15 13:56 : player: played "Queen/Absolute Greatest/Queen_Absolute Greatest_1-12_Killer Queen.flac"
Mar 15 14:21 : update: added Queen/Absolute Greatest/Queen_Absolute Greatest_1-13_These Are the Days of Our Lives.flac
Mar 15 14:24 : update: added Queen/Absolute Greatest/Queen_Absolute Greatest_1-18_I Want to Break Free.flac
Mar 15 14:26 : update: added Monodrone/Thoughts LP (Anniversary Edition)/03 そんな夜.flac
Mar 15 14:26 : update: added Monodrone/Thoughts LP (Anniversary Edition)/01 Thoughts.flac
Mar 15 14:26 : update: added Queen/Absolute Greatest/Queen_Absolute Greatest_1-20_Bohemian Rhapsody.flac
Mar 15 14:27 : update: added Queen/Operation Live Crime/Queensrÿche_Operation Live Crime_1-02_Anarchy-X.mp3
Mar 15 14:27 : update: added Queen/Operation Live Crime/Queensrÿche_Operation Live Crime_1-03_Revolution Calling.mp3
Mar 15 14:30 : update: added Queen/Operation Live Crime/Queensrÿche_Operation Live Crime_1-04_Operation- Mindcrime.mp3
Mar 15 14:31 : update: added Queen/Operation Live Crime/Queensrÿche_Operation Live Crime_1-05_Speak.mp3
Mar 15 14:31 : update: added Monodrone/Thoughts LP (Anniversary Edition)/02 ディープダークファンタジー.flac
Mar 15 14:33 : update: added Queen/Operation Live Crime/Queensrÿche_Operation Live Crime_1-06_Spreading The Disease.mp3
Mar 15 14:36 : update: added Queen/Operation Live Crime/Queensrÿche_Operation Live Crime_1-07_The Mission.mp3
Mar 15 14:41 : update: added Monodrone/Thoughts LP (Anniversary Edition)/04 Thinking About Love.flac
Mar 15 14:44 : update: added Queen/Operation Live Crime/Queensrÿche_Operation Live Crime_1-08_Suite Sister Mary.mp3
Mar 15 14:48 : update: added Queen/Operation Live Crime/Queensrÿche_Operation Live Crime_1-10_Electric Requiem.mp3
Mar 15 14:50 : update: added Queen/Operation Live Crime/Queensrÿche_Operation Live Crime_1-09_The Needle Lies.mp3
Mar 15 16:07 : config: option 'device' on line 20 was not recognized
Mar 15 16:10 : update: added Queen/Operation Live Crime/Queensrÿche_Operation Live Crime_1-12_I Don't Believe In Love.mp3
Mar 15 16:11 : player: played "Nirvana - Nevermind/03 Come As You Are.flac"
Mar 15 16:14 : player: played "Folk/Passenger/2017 - The boy who cried wolf/01 - Simple song.flac"
Mar 15 16:17 : player: played "Queen/Absolute Greatest/Queen_Absolute Greatest_1-12_Killer Queen.flac"
Mar 15 16:46 : player: played "Queen/Absolute Greatest/Queen_Absolute Greatest_1-12_Killer Queen.flac"
Mar 15 16:50 : player: played "Folk/Passenger/2017 - The boy who cried wolf/01 - Simple song.flac"
Mar 15 16:53 : player: played "Queen/Absolute Greatest/Queen_Absolute Greatest_1-12_Killer Queen.flac"
Mar 15 17:17 : player: played "Queen/Absolute Greatest/Queen_Absolute Greatest_1-12_Killer Queen.flac"
Mar 15 17:18 : ffmpeg/mov,mp4,m4a,3gp,3g2,mj2: stream 0, timescale not set
Mar 15 17:22 : player: played "裸の勇者 _ Vaundy：MUSIC VIDEO [FT0GKCuSaW0].m4a"
Mar 15 17:25 : player: played "Queen/Absolute Greatest/Queen_Absolute Greatest_1-04_Another One Bites the Dust.flac"
Mar 15 17:30 : player: played "Nirvana - Nevermind/03 Come As You Are.flac"
Mar 15 17:34 : player: played "Folk/Passenger/2017 - The boy who cried wolf/01 - Simple song.flac"
Mar 15 17:37 : player: played "Queen/Absolute Greatest/Queen_Absolute Greatest_1-12_Killer Queen.flac"
Mar 15 18:12 : ffmpeg/mov,mp4,m4a,3gp,3g2,mj2: stream 0, timescale not set
Mar 15 18:15 : player: played "裸の勇者 _ Vaundy：MUSIC VIDEO [FT0GKCuSaW0].m4a"
Mar 15 18:19 : player: played "Queen/Absolute Greatest/Queen_Absolute Greatest_1-04_Another One Bites the Dust.flac"
Mar 15 18:22 : player: played "Nirvana - Nevermind/03 Come As You Are.flac"
Mar 15 18:27 : player: played "Queen/Absolute Greatest/Queen_Absolute Greatest_1-12_Killer Queen.flac"
Mar 15 18:28 : update: added Queen/Operation Live Crime/Queensrÿche_Operation Live Crime_1-14_My Empty Room.mp3
Mar 15 18:28 : update: added Queen/Operation Live Crime/Queensrÿche_Operation Live Crime_1-13_Waiting For 22.mp3
Mar 15 18:28 : update: added Queen/Operation Live Crime/Queensrÿche_Operation Live Crime_1-11_Breaking The Silence.mp3
Mar 15 18:29 : update: added Queen/Operation Live Crime/Queensrÿche_Operation Live Crime_1-15_Eyes Of A Stranger.mp3
Mar 15 18:30 : update: added Monodrone/Thoughts LP (Anniversary Edition)/06 庭で.flac
Mar 15 18:31 : update: added Monodrone/Thoughts LP (Anniversary Edition)/05 A Touch Of Jasmine.flac
Mar 15 18:32 : update: added Monodrone/Thoughts LP (Anniversary Edition)/07 エメラルドタッチ.flac
Mar 15 18:33 : update: added Monodrone/Thoughts LP (Anniversary Edition)/08 An Immaculate Experience.flac
Mar 15 18:37 : update: added Monodrone/街で夜を過ごす(Spend the Night in the City)/01 サイレンに目が覚めた.flac
Mar 15 18:37 : update: added Monodrone/街で夜を過ごす(Spend the Night in the City)/02 ナショナル・ジオグラフィック.flac
Mar 15 18:38 : config: option 'device' on line 20 was not recognized
Mar 15 18:43 : config: option 'device' on line 20 was not recognized
